23-Dec-2020 06:17:46.279 INFO [main] org.apache.catalina.core.ApplicationContext.log ContextListener: contextInitialized()
23-Dec-2020 06:17:46.280 INFO [main] org.apache.catalina.core.ApplicationContext.log SessionListener: contextInitialized()
23-Dec-2020 06:17:46.281 INFO [main] org.apache.catalina.core.ApplicationContext.log ContextListener: attributeAdded('StockTicker', 'async.Stockticker@669513d8')
23-Dec-2020 17:11:23.650 INFO [main] org.apache.catalina.core.ApplicationContext.log SessionListener: contextDestroyed()
23-Dec-2020 17:11:23.650 INFO [main] org.apache.catalina.core.ApplicationContext.log ContextListener: contextDestroyed()
23-Dec-2020 17:11:32.274 INFO [main] org.apache.catalina.core.ApplicationContext.log ContextListener: contextInitialized()
23-Dec-2020 17:11:32.274 INFO [main] org.apache.catalina.core.ApplicationContext.log SessionListener: contextInitialized()
23-Dec-2020 17:11:32.276 INFO [main] org.apache.catalina.core.ApplicationContext.log ContextListener: attributeAdded('StockTicker', 'async.Stockticker@5217f3d0')
23-Dec-2020 18:02:12.518 INFO [main] org.apache.catalina.core.ApplicationContext.log SessionListener: contextDestroyed()
23-Dec-2020 18:02:12.518 INFO [main] org.apache.catalina.core.ApplicationContext.log ContextListener: contextDestroyed()
23-Dec-2020 18:02:14.995 INFO [main] org.apache.catalina.core.ApplicationContext.log ContextListener: contextInitialized()
23-Dec-2020 18:02:14.995 INFO [main] org.apache.catalina.core.ApplicationContext.log SessionListener: contextInitialized()
23-Dec-2020 18:02:14.997 INFO [main] org.apache.catalina.core.ApplicationContext.log ContextListener: attributeAdded('StockTicker', 'async.Stockticker@549621f3')
23-Dec-2020 18:03:56.527 INFO [main] org.apache.catalina.core.ApplicationContext.log SessionListener: contextDestroyed()
23-Dec-2020 18:03:56.527 INFO [main] org.apache.catalina.core.ApplicationContext.log ContextListener: contextDestroyed()
23-Dec-2020 18:03:59.029 INFO [main] org.apache.catalina.core.ApplicationContext.log ContextListener: contextInitialized()
23-Dec-2020 18:03:59.029 INFO [main] org.apache.catalina.core.ApplicationContext.log SessionListener: contextInitialized()
23-Dec-2020 18:03:59.031 INFO [main] org.apache.catalina.core.ApplicationContext.log ContextListener: attributeAdded('StockTicker', 'async.Stockticker@2416a51')
23-Dec-2020 18:11:57.855 INFO [main] org.apache.catalina.core.ApplicationContext.log SessionListener: contextDestroyed()
23-Dec-2020 18:11:57.855 INFO [main] org.apache.catalina.core.ApplicationContext.log ContextListener: contextDestroyed()
23-Dec-2020 18:12:00.397 INFO [main] org.apache.catalina.core.ApplicationContext.log ContextListener: contextInitialized()
23-Dec-2020 18:12:00.397 INFO [main] org.apache.catalina.core.ApplicationContext.log SessionListener: contextInitialized()
23-Dec-2020 18:12:00.399 INFO [main] org.apache.catalina.core.ApplicationContext.log ContextListener: attributeAdded('StockTicker', 'async.Stockticker@372ea2bc')
23-Dec-2020 18:13:22.788 INFO [main] org.apache.catalina.core.ApplicationContext.log SessionListener: contextDestroyed()
23-Dec-2020 18:13:22.788 INFO [main] org.apache.catalina.core.ApplicationContext.log ContextListener: contextDestroyed()
23-Dec-2020 18:13:30.302 INFO [main] org.apache.catalina.core.ApplicationContext.log ContextListener: contextInitialized()
23-Dec-2020 18:13:30.302 INFO [main] org.apache.catalina.core.ApplicationContext.log SessionListener: contextInitialized()
23-Dec-2020 18:13:30.304 INFO [main] org.apache.catalina.core.ApplicationContext.log ContextListener: attributeAdded('StockTicker', 'async.Stockticker@372ea2bc')
23-Dec-2020 18:17:16.372 INFO [main] org.apache.catalina.core.ApplicationContext.log SessionListener: contextDestroyed()
23-Dec-2020 18:17:16.372 INFO [main] org.apache.catalina.core.ApplicationContext.log ContextListener: contextDestroyed()
23-Dec-2020 18:17:26.776 INFO [main] org.apache.catalina.core.ApplicationContext.log ContextListener: contextInitialized()
23-Dec-2020 18:17:26.776 INFO [main] org.apache.catalina.core.ApplicationContext.log SessionListener: contextInitialized()
23-Dec-2020 18:17:26.778 INFO [main] org.apache.catalina.core.ApplicationContext.log ContextListener: attributeAdded('StockTicker', 'async.Stockticker@6d868997')
23-Dec-2020 18:24:57.691 INFO [main] org.apache.catalina.core.ApplicationContext.log SessionListener: contextDestroyed()
23-Dec-2020 18:24:57.691 INFO [main] org.apache.catalina.core.ApplicationContext.log ContextListener: contextDestroyed()
23-Dec-2020 18:25:00.571 INFO [main] org.apache.catalina.core.ApplicationContext.log ContextListener: contextInitialized()
23-Dec-2020 18:25:00.571 INFO [main] org.apache.catalina.core.ApplicationContext.log SessionListener: contextInitialized()
23-Dec-2020 18:25:00.573 INFO [main] org.apache.catalina.core.ApplicationContext.log ContextListener: attributeAdded('StockTicker', 'async.Stockticker@210f0cc1')
23-Dec-2020 18:25:10.474 INFO [main] org.apache.catalina.core.ApplicationContext.log SessionListener: contextDestroyed()
23-Dec-2020 18:25:10.474 INFO [main] org.apache.catalina.core.ApplicationContext.log ContextListener: contextDestroyed()
23-Dec-2020 18:25:13.348 INFO [main] org.apache.catalina.core.ApplicationContext.log ContextListener: contextInitialized()
23-Dec-2020 18:25:13.348 INFO [main] org.apache.catalina.core.ApplicationContext.log SessionListener: contextInitialized()
23-Dec-2020 18:25:13.350 INFO [main] org.apache.catalina.core.ApplicationContext.log ContextListener: attributeAdded('StockTicker', 'async.Stockticker@19542407')
23-Dec-2020 18:30:50.415 INFO [main] org.apache.catalina.core.ApplicationContext.log SessionListener: contextDestroyed()
23-Dec-2020 18:30:50.415 INFO [main] org.apache.catalina.core.ApplicationContext.log ContextListener: contextDestroyed()
23-Dec-2020 18:30:53.296 INFO [main] org.apache.catalina.core.ApplicationContext.log ContextListener: contextInitialized()
23-Dec-2020 18:30:53.296 INFO [main] org.apache.catalina.core.ApplicationContext.log SessionListener: contextInitialized()
23-Dec-2020 18:30:53.297 INFO [main] org.apache.catalina.core.ApplicationContext.log ContextListener: attributeAdded('StockTicker', 'async.Stockticker@210f0cc1')
23-Dec-2020 18:33:16.667 INFO [main] org.apache.catalina.core.ApplicationContext.log SessionListener: contextDestroyed()
23-Dec-2020 18:33:16.667 INFO [main] org.apache.catalina.core.ApplicationContext.log ContextListener: contextDestroyed()
23-Dec-2020 18:33:19.507 INFO [main] org.apache.catalina.core.ApplicationContext.log ContextListener: contextInitialized()
23-Dec-2020 18:33:19.507 INFO [main] org.apache.catalina.core.ApplicationContext.log SessionListener: contextInitialized()
23-Dec-2020 18:33:19.509 INFO [main] org.apache.catalina.core.ApplicationContext.log ContextListener: attributeAdded('StockTicker', 'async.Stockticker@4e6d7365')
23-Dec-2020 18:56:25.349 INFO [main] org.apache.catalina.core.ApplicationContext.log SessionListener: contextDestroyed()
23-Dec-2020 18:56:25.349 INFO [main] org.apache.catalina.core.ApplicationContext.log ContextListener: contextDestroyed()
23-Dec-2020 18:56:28.246 INFO [main] org.apache.catalina.core.ApplicationContext.log ContextListener: contextInitialized()
23-Dec-2020 18:56:28.247 INFO [main] org.apache.catalina.core.ApplicationContext.log SessionListener: contextInitialized()
23-Dec-2020 18:56:28.249 INFO [main] org.apache.catalina.core.ApplicationContext.log ContextListener: attributeAdded('StockTicker', 'async.Stockticker@2c383e33')
23-Dec-2020 18:57:53.807 INFO [main] org.apache.catalina.core.ApplicationContext.log SessionListener: contextDestroyed()
23-Dec-2020 18:57:53.807 INFO [main] org.apache.catalina.core.ApplicationContext.log ContextListener: contextDestroyed()
23-Dec-2020 18:57:56.648 INFO [main] org.apache.catalina.core.ApplicationContext.log ContextListener: contextInitialized()
23-Dec-2020 18:57:56.648 INFO [main] org.apache.catalina.core.ApplicationContext.log SessionListener: contextInitialized()
23-Dec-2020 18:57:56.650 INFO [main] org.apache.catalina.core.ApplicationContext.log ContextListener: attributeAdded('StockTicker', 'async.Stockticker@6d868997')
23-Dec-2020 18:58:14.055 INFO [main] org.apache.catalina.core.ApplicationContext.log SessionListener: contextDestroyed()
23-Dec-2020 18:58:14.055 INFO [main] org.apache.catalina.core.ApplicationContext.log ContextListener: contextDestroyed()
23-Dec-2020 18:58:16.953 INFO [main] org.apache.catalina.core.ApplicationContext.log ContextListener: contextInitialized()
23-Dec-2020 18:58:16.953 INFO [main] org.apache.catalina.core.ApplicationContext.log SessionListener: contextInitialized()
23-Dec-2020 18:58:16.954 INFO [main] org.apache.catalina.core.ApplicationContext.log ContextListener: attributeAdded('StockTicker', 'async.Stockticker@9ec531')
23-Dec-2020 18:59:21.122 INFO [main] org.apache.catalina.core.ApplicationContext.log SessionListener: contextDestroyed()
23-Dec-2020 18:59:21.122 INFO [main] org.apache.catalina.core.ApplicationContext.log ContextListener: contextDestroyed()
23-Dec-2020 18:59:23.986 INFO [main] org.apache.catalina.core.ApplicationContext.log ContextListener: contextInitialized()
23-Dec-2020 18:59:23.986 INFO [main] org.apache.catalina.core.ApplicationContext.log SessionListener: contextInitialized()
23-Dec-2020 18:59:23.988 INFO [main] org.apache.catalina.core.ApplicationContext.log ContextListener: attributeAdded('StockTicker', 'async.Stockticker@74a195a4')
23-Dec-2020 20:01:53.895 INFO [Thread-4] org.apache.catalina.core.ApplicationContext.log SessionListener: contextDestroyed()
23-Dec-2020 20:01:53.895 INFO [Thread-4] org.apache.catalina.core.ApplicationContext.log ContextListener: contextDestroyed()
23-Dec-2020 20:05:01.800 INFO [main] org.apache.catalina.core.ApplicationContext.log ContextListener: contextInitialized()
23-Dec-2020 20:05:01.800 INFO [main] org.apache.catalina.core.ApplicationContext.log SessionListener: contextInitialized()
23-Dec-2020 20:05:01.802 INFO [main] org.apache.catalina.core.ApplicationContext.log ContextListener: attributeAdded('StockTicker', 'async.Stockticker@62d0ac62')
23-Dec-2020 20:18:07.911 INFO [main] org.apache.catalina.core.ApplicationContext.log SessionListener: contextDestroyed()
23-Dec-2020 20:18:07.911 INFO [main] org.apache.catalina.core.ApplicationContext.log ContextListener: contextDestroyed()
